[2.370s] Traceback (most recent call last):
  File "/usr/lib/python3/dist-packages/colcon_parallel_executor/executor/parallel.py", line 75, in execute
    loop.run_until_complete(future)
  File "/usr/lib/python3.10/asyncio/base_events.py", line 636, in run_until_complete
    self.run_forever()
  File "/usr/lib/python3.10/asyncio/base_events.py", line 603, in run_forever
    self._run_once()
  File "/usr/lib/python3.10/asyncio/base_events.py", line 1871, in _run_once
    event_list = self._selector.select(timeout)
  File "/usr/lib/python3.10/selectors.py", line 469, in select
    fd_event_list = self._selector.poll(timeout, max_ev)
KeyboardInterrupt

During handling of the above exception, another exception occurred:

Traceback (most recent call last):
  File "/usr/lib/python3/dist-packages/colcon_core/executor/__init__.py", line 91, in __call__
    rc = await self.task(*args, **kwargs)
  File "/usr/lib/python3/dist-packages/colcon_core/task/__init__.py", line 93, in __call__
    return await task_method(*args, **kwargs)
  File "/usr/lib/python3/dist-packages/colcon_ros/task/ament_python/build.py", line 102, in build
    return await extension.build(additional_hooks=additional_hooks)
  File "/usr/lib/python3/dist-packages/colcon_core/task/python/build.py", line 90, in build
    available_commands = await self._get_available_commands(
  File "/usr/lib/python3/dist-packages/colcon_core/task/python/build.py", line 188, in _get_available_commands
    output = await check_output(
  File "/usr/lib/python3/dist-packages/colcon_core/subprocess.py", line 129, in check_output
    assert not rc, f'Expected {args} to pass: {stderr_data}'
AssertionError: Expected ['/usr/bin/python3', '-W', 'ignore:setup.py install is deprecated', 'setup.py', '--help-commands'] to pass: Traceback (most recent call last):
  File "/home/lucas/ros2_ws/src/my_py_pkg2/setup.py", line 5, in <module>
    setup(
  File "/usr/lib/python3/dist-packages/setuptools/__init__.py", line 153, in setup
    return distutils.core.setup(**attrs)
  File "/usr/lib/python3.10/distutils/core.py", line 134, in setup
    ok = dist.parse_command_line()
  File "/usr/lib/python3.10/distutils/dist.py", line 480, in parse_command_line
    if self.handle_display_options(option_order):
  File "/usr/lib/python3/dist-packages/setuptools/dist.py", line 1126, in handle_display_options
    return _Distribution.handle_display_options(self, option_order)
  File "/usr/lib/python3.10/distutils/dist.py", line 683, in handle_display_options
    self.print_commands()
  File "/usr/lib/python3/dist-packages/setuptools/dist.py", line 904, in print_commands
    return _Distribution.print_commands(self)
  File "/usr/lib/python3.10/distutils/dist.py", line 752, in print_commands
    self.print_command_list(std_commands,
  File "/usr/lib/python3.10/distutils/dist.py", line 720, in print_command_list
    klass = self.get_command_class(cmd)
  File "/usr/lib/python3/dist-packages/setuptools/dist.py", line 896, in get_command_class
    return _Distribution.get_command_class(self, command)
  File "/usr/lib/python3.10/distutils/dist.py", line 828, in get_command_class
    __import__(module_name)
  File "/usr/lib/python3.10/distutils/command/bdist_dumb.py", line 15, in <module>
    class bdist_dumb(Command):
  File "/usr/lib/python3.10/distutils/command/bdist_dumb.py", line 23, in bdist_dumb
    "(default: %s)" % get_platform()),
  File "/usr/lib/python3.10/distutils/util.py", line 108, in get_platform
    return get_host_platform()
  File "/usr/lib/python3.10/distutils/util.py", line 59, in get_host_platform
    (osname, host, release, version, machine) = os.uname()
KeyboardInterrupt

